<?xml version="1.0" encoding="UTF-8"?>
<testsuite xmlns:xsi="http://www.w3.org/2001/XMLSchema-instance" xsi:noNamespaceSchemaLocation="https://maven.apache.org/surefire/maven-surefire-plugin/xsd/surefire-test-report-3.0.xsd" version="3.0" name="algorithms.InsertionSortTest" time="0.047" tests="6" errors="0" skipped="0" failures="0">
  <properties>
[...]
</properties>
  <testcase name="alreadySorted" classname="algorithms.InsertionSortTest" time="0.02"/>
  <testcase name="emptyArray" classname="algorithms.InsertionSortTest" time="0.001"/>
  <testcase name="withDuplicates" classname="algorithms.InsertionSortTest" time="0.0"/>
  <testcase name="reverseOrder" classname="algorithms.InsertionSortTest" time="0.001"/>
  <testcase name="singleElement" classname="algorithms.InsertionSortTest" time="0.001"/>
  <testcase name="randomArrayMatchesJdkSort" classname="algorithms.InsertionSortTest" time="0.002"/>
</testsuite>